<?xml version="1.0" encoding="UTF-8"?>
<testng-results ignored="0" total="1" passed="1" failed="0" skipped="0">
  <reporter-output>
  </reporter-output>
  <suite started-at="2024-04-29T22:09:22 CDT" name="Suite" finished-at="2024-04-29T22:09:22 CDT" duration-ms="25">
    <groups>
    </groups>
    <test started-at="2024-04-29T22:09:22 CDT" name="Test" finished-at="2024-04-29T22:09:22 CDT" duration-ms="25">
      <class name="utility.calculator">
        <test-method signature="performCalculation()[pri:0, instance:utility.calculator@7ee955a8]" started-at="2024-04-29T22:09:22 CDT" name="performCalculation" finished-at="2024-04-29T22:09:22 CDT" duration-ms="3" status="PASS">
          <reporter-output>
          </reporter-output>
        </test-method> <!-- performCalculation -->
      </class> <!-- utility.calculator -->
    </test> <!-- Test -->
  </suite> <!-- Suite -->
</testng-results>
