<?xml version="1.0" encoding="UTF-8"?>
<testng-results ignored="0" total="1" passed="1" failed="0" skipped="0">
  <reporter-output>
  </reporter-output>
  <suite started-at="2024-05-01T21:57:33 CDT" name="Default suite" finished-at="2024-05-01T21:57:34 CDT" duration-ms="30">
    <groups>
    </groups>
    <test started-at="2024-05-01T21:57:33 CDT" name="Default test" finished-at="2024-05-01T21:57:34 CDT" duration-ms="30">
      <class name="utility.calculator2">
        <test-method signature="performCalculation()[pri:0, instance:utility.calculator2@41fecb8b]" started-at="2024-05-01T21:57:33 CDT" name="performCalculation" finished-at="2024-05-01T21:57:34 CDT" duration-ms="6" status="PASS">
          <reporter-output>
          </reporter-output>
        </test-method> <!-- performCalculation -->
      </class> <!-- utility.calculator2 -->
    </test> <!-- Default test -->
  </suite> <!-- Default suite -->
</testng-results>
