<?xml version="1.0" encoding="UTF-8"?>
<testng-results ignored="0" total="1" passed="1" failed="0" skipped="0">
  <reporter-output>
  </reporter-output>
  <suite started-at="2024-04-29T22:06:04 CDT" name="Default suite" finished-at="2024-04-29T22:06:04 CDT" duration-ms="26">
    <groups>
    </groups>
    <test started-at="2024-04-29T22:06:04 CDT" name="Default test" finished-at="2024-04-29T22:06:04 CDT" duration-ms="26">
      <class name="utility.calculator">
        <test-method signature="performCalculation()[pri:0, instance:utility.calculator@41fecb8b]" started-at="2024-04-29T22:06:04 CDT" name="performCalculation" finished-at="2024-04-29T22:06:04 CDT" duration-ms="4" status="PASS">
          <reporter-output>
          </reporter-output>
        </test-method> <!-- performCalculation -->
      </class> <!-- utility.calculator -->
    </test> <!-- Default test -->
  </suite> <!-- Default suite -->
</testng-results>
